<?xml version="1.0" encoding="UTF-8"?>
<testsuite xmlns:xsi="http://www.w3.org/2001/XMLSchema-instance" xsi:noNamespaceSchemaLocation="https://maven.apache.org/surefire/maven-surefire-plugin/xsd/surefire-test-report-3.0.xsd" version="3.0" name="TestSuite" time="46.419" tests="3" errors="0" skipped="0" failures="0">
  <properties>
    <property name="sun.desktop" value="windows"/>
    <property name="awt.toolkit" value="sun.awt.windows.WToolkit"/>
    <property name="java.specification.version" value="1.8"/>
    <property name="file.encoding.pkg" value="sun.io"/>
    <property name="webdriver.chrome.driver" value="C:\\Users\\Saurabh\\OneDrive\\Desktop\\Utilities\chromedriver.exe"/>
    <property name="sun.cpu.isalist" value="pentium_pro+mmx pentium_pro pentium+mmx pentium i486 i386 i86"/>
    <property name="sun.jnu.encoding" value="Cp1252"/>
    <property name="browserDriverPath" value="C:\\Users\\Saurabh\\OneDrive\\Desktop\\Utilities"/>
    <property name="java.class.path" value="C:\Users\Saurabh\eclipse-workspace\FreeCRMTest\target\test-classes;C:\Users\Saurabh\eclipse-workspace\FreeCRMTest\target\classes;C:\Users\Saurabh\.m2\repository\org\seleniumhq\selenium\selenium-java\3.141.59\selenium-java-3.141.59.jar;C:\Users\Saurabh\.m2\repository\org\seleniumhq\selenium\selenium-api\3.141.59\selenium-api-3.141.59.jar;C:\Users\Saurabh\.m2\repository\org\seleniumhq\selenium\selenium-chrome-driver\3.141.59\selenium-chrome-driver-3.141.59.jar;C:\Users\Saurabh\.m2\repository\org\seleniumhq\selenium\selenium-edge-driver\3.141.59\selenium-edge-driver-3.141.59.jar;C:\Users\Saurabh\.m2\repository\org\seleniumhq\selenium\selenium-firefox-driver\3.141.59\selenium-firefox-driver-3.141.59.jar;C:\Users\Saurabh\.m2\repository\org\seleniumhq\selenium\selenium-ie-driver\3.141.59\selenium-ie-driver-3.141.59.jar;C:\Users\Saurabh\.m2\repository\org\seleniumhq\selenium\selenium-opera-driver\3.141.59\selenium-opera-driver-3.141.59.jar;C:\Users\Saurabh\.m2\repository\org\seleniumhq\selenium\selenium-remote-driver\3.141.59\selenium-remote-driver-3.141.59.jar;C:\Users\Saurabh\.m2\repository\org\seleniumhq\selenium\selenium-safari-driver\3.141.59\selenium-safari-driver-3.141.59.jar;C:\Users\Saurabh\.m2\repository\org\seleniumhq\selenium\selenium-support\3.141.59\selenium-support-3.141.59.jar;C:\Users\Saurabh\.m2\repository\net\bytebuddy\byte-buddy\1.8.15\byte-buddy-1.8.15.jar;C:\Users\Saurabh\.m2\repository\org\apache\commons\commons-exec\1.3\commons-exec-1.3.jar;C:\Users\Saurabh\.m2\repository\com\google\guava\guava\25.0-jre\guava-25.0-jre.jar;C:\Users\Saurabh\.m2\repository\com\google\code\findbugs\jsr305\1.3.9\jsr305-1.3.9.jar;C:\Users\Saurabh\.m2\repository\org\checkerframework\checker-compat-qual\2.0.0\checker-compat-qual-2.0.0.jar;C:\Users\Saurabh\.m2\repository\com\google\errorprone\error_prone_annotations\2.1.3\error_prone_annotations-2.1.3.jar;C:\Users\Saurabh\.m2\repository\com\google\j2objc\j2objc-annotations\1.1\j2objc-annotations-1.1.jar;C:\Users\Saurabh\.m2\repository\org\codehaus\mojo\animal-sniffer-annotations\1.14\animal-sniffer-annotations-1.14.jar;C:\Users\Saurabh\.m2\repository\com\squareup\okhttp3\okhttp\3.11.0\okhttp-3.11.0.jar;C:\Users\Saurabh\.m2\repository\com\squareup\okio\okio\1.14.0\okio-1.14.0.jar;C:\Users\Saurabh\.m2\repository\org\testng\testng\6.11\testng-6.11.jar;C:\Users\Saurabh\.m2\repository\com\beust\jcommander\1.64\jcommander-1.64.jar;C:\Users\Saurabh\.m2\repository\org\yaml\snakeyaml\1.17\snakeyaml-1.17.jar;C:\Users\Saurabh\.m2\repository\io\cucumber\cucumber-java\6.10.4\cucumber-java-6.10.4.jar;C:\Users\Saurabh\.m2\repository\io\cucumber\cucumber-core\6.10.4\cucumber-core-6.10.4.jar;C:\Users\Saurabh\.m2\repository\io\cucumber\cucumber-gherkin\6.10.4\cucumber-gherkin-6.10.4.jar;C:\Users\Saurabh\.m2\repository\io\cucumber\cucumber-gherkin-messages\6.10.4\cucumber-gherkin-messages-6.10.4.jar;C:\Users\Saurabh\.m2\repository\io\cucumber\messages\15.0.0\messages-15.0.0.jar;C:\Users\Saurabh\.m2\repository\io\cucumber\tag-expressions\3.0.1\tag-expressions-3.0.1.jar;C:\Users\Saurabh\.m2\repository\io\cucumber\cucumber-expressions\10.3.0\cucumber-expressions-10.3.0.jar;C:\Users\Saurabh\.m2\repository\io\cucumber\datatable\3.5.0\datatable-3.5.0.jar;C:\Users\Saurabh\.m2\repository\io\cucumber\cucumber-plugin\6.10.4\cucumber-plugin-6.10.4.jar;C:\Users\Saurabh\.m2\repository\io\cucumber\docstring\6.10.4\docstring-6.10.4.jar;C:\Users\Saurabh\.m2\repository\io\cucumber\html-formatter\13.0.0\html-formatter-13.0.0.jar;C:\Users\Saurabh\.m2\repository\io\cucumber\create-meta\4.0.0\create-meta-4.0.0.jar;C:\Users\Saurabh\.m2\repository\org\apiguardian\apiguardian-api\1.1.1\apiguardian-api-1.1.1.jar;C:\Users\Saurabh\.m2\repository\io\cucumber\cucumber-junit\6.10.4\cucumber-junit-6.10.4.jar;C:\Users\Saurabh\.m2\repository\junit\junit\4.13.2\junit-4.13.2.jar;C:\Users\Saurabh\.m2\repository\org\hamcrest\hamcrest-core\1.3\hamcrest-core-1.3.jar;C:\Users\Saurabh\.m2\repository\org\ini4j\ini4j\0.5.4\ini4j-0.5.4.jar;C:\Users\Saurabh\.m2\repository\log4j\log4j\1.2.17\log4j-1.2.17.jar;C:\Users\Saurabh\.m2\repository\org\apache\poi\poi\5.0.0\poi-5.0.0.jar;C:\Users\Saurabh\.m2\repository\org\slf4j\slf4j-api\1.7.30\slf4j-api-1.7.30.jar;C:\Users\Saurabh\.m2\repository\org\slf4j\jcl-over-slf4j\1.7.30\jcl-over-slf4j-1.7.30.jar;C:\Users\Saurabh\.m2\repository\commons-codec\commons-codec\1.15\commons-codec-1.15.jar;C:\Users\Saurabh\.m2\repository\org\apache\commons\commons-collections4\4.4\commons-collections4-4.4.jar;C:\Users\Saurabh\.m2\repository\org\apache\commons\commons-math3\3.6.1\commons-math3-3.6.1.jar;C:\Users\Saurabh\.m2\repository\com\zaxxer\SparseBitSet\1.2\SparseBitSet-1.2.jar;C:\Users\Saurabh\.m2\repository\org\apache\poi\poi-ooxml\5.0.0\poi-ooxml-5.0.0.jar;C:\Users\Saurabh\.m2\repository\org\apache\poi\poi-ooxml-lite\5.0.0\poi-ooxml-lite-5.0.0.jar;C:\Users\Saurabh\.m2\repository\org\apache\xmlbeans\xmlbeans\4.0.0\xmlbeans-4.0.0.jar;C:\Users\Saurabh\.m2\repository\xml-apis\xml-apis\1.4.01\xml-apis-1.4.01.jar;C:\Users\Saurabh\.m2\repository\org\apache\commons\commons-compress\1.20\commons-compress-1.20.jar;C:\Users\Saurabh\.m2\repository\com\github\virtuald\curvesapi\1.06\curvesapi-1.06.jar;C:\Users\Saurabh\.m2\repository\org\bouncycastle\bcpkix-jdk15on\1.68\bcpkix-jdk15on-1.68.jar;C:\Users\Saurabh\.m2\repository\org\bouncycastle\bcprov-jdk15on\1.68\bcprov-jdk15on-1.68.jar;C:\Users\Saurabh\.m2\repository\org\apache\santuario\xmlsec\2.2.1\xmlsec-2.2.1.jar;C:\Users\Saurabh\.m2\repository\com\fasterxml\woodstox\woodstox-core\5.2.1\woodstox-core-5.2.1.jar;C:\Users\Saurabh\.m2\repository\org\codehaus\woodstox\stax2-api\4.2\stax2-api-4.2.jar;C:\Users\Saurabh\.m2\repository\org\apache\xmlgraphics\batik-all\1.13\batik-all-1.13.jar;C:\Users\Saurabh\.m2\repository\org\apache\xmlgraphics\batik-anim\1.13\batik-anim-1.13.jar;C:\Users\Saurabh\.m2\repository\org\apache\xmlgraphics\batik-shared-resources\1.13\batik-shared-resources-1.13.jar;C:\Users\Saurabh\.m2\repository\xml-apis\xml-apis-ext\1.3.04\xml-apis-ext-1.3.04.jar;C:\Users\Saurabh\.m2\repository\org\apache\xmlgraphics\batik-awt-util\1.13\batik-awt-util-1.13.jar;C:\Users\Saurabh\.m2\repository\org\apache\xmlgraphics\xmlgraphics-commons\2.4\xmlgraphics-commons-2.4.jar;C:\Users\Saurabh\.m2\repository\commons-io\commons-io\1.3.1\commons-io-1.3.1.jar;C:\Users\Saurabh\.m2\repository\org\apache\xmlgraphics\batik-bridge\1.13\batik-bridge-1.13.jar;C:\Users\Saurabh\.m2\repository\org\apache\xmlgraphics\batik-codec\1.13\batik-codec-1.13.jar;C:\Users\Saurabh\.m2\repository\org\apache\xmlgraphics\batik-constants\1.13\batik-constants-1.13.jar;C:\Users\Saurabh\.m2\repository\org\apache\xmlgraphics\batik-css\1.13\batik-css-1.13.jar;C:\Users\Saurabh\.m2\repository\org\apache\xmlgraphics\batik-dom\1.13\batik-dom-1.13.jar;C:\Users\Saurabh\.m2\repository\xalan\xalan\2.7.2\xalan-2.7.2.jar;C:\Users\Saurabh\.m2\repository\xalan\serializer\2.7.2\serializer-2.7.2.jar;C:\Users\Saurabh\.m2\repository\org\apache\xmlgraphics\batik-ext\1.13\batik-ext-1.13.jar;C:\Users\Saurabh\.m2\repository\org\apache\xmlgraphics\batik-extension\1.13\batik-extension-1.13.jar;C:\Users\Saurabh\.m2\repository\org\apache\xmlgraphics\batik-gui-util\1.13\batik-gui-util-1.13.jar;C:\Users\Saurabh\.m2\repository\org\apache\xmlgraphics\batik-gvt\1.13\batik-gvt-1.13.jar;C:\Users\Saurabh\.m2\repository\org\apache\xmlgraphics\batik-i18n\1.13\batik-i18n-1.13.jar;C:\Users\Saurabh\.m2\repository\org\apache\xmlgraphics\batik-parser\1.13\batik-parser-1.13.jar;C:\Users\Saurabh\.m2\repository\org\apache\xmlgraphics\batik-rasterizer-ext\1.13\batik-rasterizer-ext-1.13.jar;C:\Users\Saurabh\.m2\repository\org\apache\xmlgraphics\batik-rasterizer\1.13\batik-rasterizer-1.13.jar;C:\Users\Saurabh\.m2\repository\org\apache\xmlgraphics\batik-script\1.13\batik-script-1.13.jar;C:\Users\Saurabh\.m2\repository\org\apache\xmlgraphics\batik-slideshow\1.13\batik-slideshow-1.13.jar;C:\Users\Saurabh\.m2\repository\org\apache\xmlgraphics\batik-squiggle-ext\1.13\batik-squiggle-ext-1.13.jar;C:\Users\Saurabh\.m2\repository\org\apache\xmlgraphics\batik-squiggle\1.13\batik-squiggle-1.13.jar;C:\Users\Saurabh\.m2\repository\org\apache\xmlgraphics\batik-svg-dom\1.13\batik-svg-dom-1.13.jar;C:\Users\Saurabh\.m2\repository\org\apache\xmlgraphics\batik-svgbrowser\1.13\batik-svgbrowser-1.13.jar;C:\Users\Saurabh\.m2\repository\org\apache\xmlgraphics\batik-svggen\1.13\batik-svggen-1.13.jar;C:\Users\Saurabh\.m2\repository\org\apache\xmlgraphics\batik-svgpp\1.13\batik-svgpp-1.13.jar;C:\Users\Saurabh\.m2\repository\org\apache\xmlgraphics\batik-svgrasterizer\1.13\batik-svgrasterizer-1.13.jar;C:\Users\Saurabh\.m2\repository\org\apache\xmlgraphics\batik-swing\1.13\batik-swing-1.13.jar;C:\Users\Saurabh\.m2\repository\org\apache\xmlgraphics\batik-transcoder\1.13\batik-transcoder-1.13.jar;C:\Users\Saurabh\.m2\repository\org\apache\xmlgraphics\batik-util\1.13\batik-util-1.13.jar;C:\Users\Saurabh\.m2\repository\org\apache\xmlgraphics\batik-ttf2svg\1.13\batik-ttf2svg-1.13.jar;C:\Users\Saurabh\.m2\repository\org\apache\xmlgraphics\batik-xml\1.13\batik-xml-1.13.jar;C:\Users\Saurabh\.m2\repository\de\rototor\pdfbox\graphics2d\0.30\graphics2d-0.30.jar;C:\Users\Saurabh\.m2\repository\org\apache\pdfbox\pdfbox\2.0.22\pdfbox-2.0.22.jar;C:\Users\Saurabh\.m2\repository\org\apache\pdfbox\fontbox\2.0.22\fontbox-2.0.22.jar;C:\Users\Saurabh\.m2\repository\com\relevantcodes\extentreports\2.41.2\extentreports-2.41.2.jar;C:\Users\Saurabh\.m2\repository\org\jsoup\jsoup\1.8.3\jsoup-1.8.3.jar;C:\Users\Saurabh\.m2\repository\org\xerial\sqlite-jdbc\3.8.11.1\sqlite-jdbc-3.8.11.1.jar;C:\Users\Saurabh\.m2\repository\org\freemarker\freemarker\2.3.23\freemarker-2.3.23.jar;C:\Users\Saurabh\.m2\repository\org\mongodb\mongodb-driver\3.0.4\mongodb-driver-3.0.4.jar;C:\Users\Saurabh\.m2\repository\org\mongodb\bson\3.0.4\bson-3.0.4.jar;C:\Users\Saurabh\.m2\repository\org\mongodb\mongodb-driver-core\3.0.4\mongodb-driver-core-3.0.4.jar;"/>
    <property name="java.vm.vendor" value="Oracle Corporation"/>
    <property name="sun.arch.data.model" value="32"/>
    <property name="user.variant" value=""/>
    <property name="password" value="Test@12345"/>
    <property name="java.vendor.url" value="http://java.oracle.com/"/>
    <property name="user.timezone" value="Asia/Calcutta"/>
    <property name="os.name" value="Windows 10"/>
    <property name="java.vm.specification.version" value="1.8"/>
    <property name="user.country" value="IN"/>
    <property name="sun.java.launcher" value="SUN_STANDARD"/>
    <property name="sun.boot.library.path" value="C:\Program Files (x86)\Java\jdk1.8.0_301\jre\bin"/>
    <property name="implicitWait" value="60"/>
    <property name="sun.java.command" value="C:\Users\Saurabh\AppData\Local\Temp\surefire1748546531022137896\surefirebooter2349422442103145040.jar C:\Users\Saurabh\AppData\Local\Temp\surefire1748546531022137896 2021-08-24T19-26-33_292-jvmRun1 surefire9170233556404538919tmp surefire_03611349222365479276tmp"/>
    <property name="surefire.test.class.path" value="C:\Users\Saurabh\eclipse-workspace\FreeCRMTest\target\test-classes;C:\Users\Saurabh\eclipse-workspace\FreeCRMTest\target\classes;C:\Users\Saurabh\.m2\repository\org\seleniumhq\selenium\selenium-java\3.141.59\selenium-java-3.141.59.jar;C:\Users\Saurabh\.m2\repository\org\seleniumhq\selenium\selenium-api\3.141.59\selenium-api-3.141.59.jar;C:\Users\Saurabh\.m2\repository\org\seleniumhq\selenium\selenium-chrome-driver\3.141.59\selenium-chrome-driver-3.141.59.jar;C:\Users\Saurabh\.m2\repository\org\seleniumhq\selenium\selenium-edge-driver\3.141.59\selenium-edge-driver-3.141.59.jar;C:\Users\Saurabh\.m2\repository\org\seleniumhq\selenium\selenium-firefox-driver\3.141.59\selenium-firefox-driver-3.141.59.jar;C:\Users\Saurabh\.m2\repository\org\seleniumhq\selenium\selenium-ie-driver\3.141.59\selenium-ie-driver-3.141.59.jar;C:\Users\Saurabh\.m2\repository\org\seleniumhq\selenium\selenium-opera-driver\3.141.59\selenium-opera-driver-3.141.59.jar;C:\Users\Saurabh\.m2\repository\org\seleniumhq\selenium\selenium-remote-driver\3.141.59\selenium-remote-driver-3.141.59.jar;C:\Users\Saurabh\.m2\repository\org\seleniumhq\selenium\selenium-safari-driver\3.141.59\selenium-safari-driver-3.141.59.jar;C:\Users\Saurabh\.m2\repository\org\seleniumhq\selenium\selenium-support\3.141.59\selenium-support-3.141.59.jar;C:\Users\Saurabh\.m2\repository\net\bytebuddy\byte-buddy\1.8.15\byte-buddy-1.8.15.jar;C:\Users\Saurabh\.m2\repository\org\apache\commons\commons-exec\1.3\commons-exec-1.3.jar;C:\Users\Saurabh\.m2\repository\com\google\guava\guava\25.0-jre\guava-25.0-jre.jar;C:\Users\Saurabh\.m2\repository\com\google\code\findbugs\jsr305\1.3.9\jsr305-1.3.9.jar;C:\Users\Saurabh\.m2\repository\org\checkerframework\checker-compat-qual\2.0.0\checker-compat-qual-2.0.0.jar;C:\Users\Saurabh\.m2\repository\com\google\errorprone\error_prone_annotations\2.1.3\error_prone_annotations-2.1.3.jar;C:\Users\Saurabh\.m2\repository\com\google\j2objc\j2objc-annotations\1.1\j2objc-annotations-1.1.jar;C:\Users\Saurabh\.m2\repository\org\codehaus\mojo\animal-sniffer-annotations\1.14\animal-sniffer-annotations-1.14.jar;C:\Users\Saurabh\.m2\repository\com\squareup\okhttp3\okhttp\3.11.0\okhttp-3.11.0.jar;C:\Users\Saurabh\.m2\repository\com\squareup\okio\okio\1.14.0\okio-1.14.0.jar;C:\Users\Saurabh\.m2\repository\org\testng\testng\6.11\testng-6.11.jar;C:\Users\Saurabh\.m2\repository\com\beust\jcommander\1.64\jcommander-1.64.jar;C:\Users\Saurabh\.m2\repository\org\yaml\snakeyaml\1.17\snakeyaml-1.17.jar;C:\Users\Saurabh\.m2\repository\io\cucumber\cucumber-java\6.10.4\cucumber-java-6.10.4.jar;C:\Users\Saurabh\.m2\repository\io\cucumber\cucumber-core\6.10.4\cucumber-core-6.10.4.jar;C:\Users\Saurabh\.m2\repository\io\cucumber\cucumber-gherkin\6.10.4\cucumber-gherkin-6.10.4.jar;C:\Users\Saurabh\.m2\repository\io\cucumber\cucumber-gherkin-messages\6.10.4\cucumber-gherkin-messages-6.10.4.jar;C:\Users\Saurabh\.m2\repository\io\cucumber\messages\15.0.0\messages-15.0.0.jar;C:\Users\Saurabh\.m2\repository\io\cucumber\tag-expressions\3.0.1\tag-expressions-3.0.1.jar;C:\Users\Saurabh\.m2\repository\io\cucumber\cucumber-expressions\10.3.0\cucumber-expressions-10.3.0.jar;C:\Users\Saurabh\.m2\repository\io\cucumber\datatable\3.5.0\datatable-3.5.0.jar;C:\Users\Saurabh\.m2\repository\io\cucumber\cucumber-plugin\6.10.4\cucumber-plugin-6.10.4.jar;C:\Users\Saurabh\.m2\repository\io\cucumber\docstring\6.10.4\docstring-6.10.4.jar;C:\Users\Saurabh\.m2\repository\io\cucumber\html-formatter\13.0.0\html-formatter-13.0.0.jar;C:\Users\Saurabh\.m2\repository\io\cucumber\create-meta\4.0.0\create-meta-4.0.0.jar;C:\Users\Saurabh\.m2\repository\org\apiguardian\apiguardian-api\1.1.1\apiguardian-api-1.1.1.jar;C:\Users\Saurabh\.m2\repository\io\cucumber\cucumber-junit\6.10.4\cucumber-junit-6.10.4.jar;C:\Users\Saurabh\.m2\repository\junit\junit\4.13.2\junit-4.13.2.jar;C:\Users\Saurabh\.m2\repository\org\hamcrest\hamcrest-core\1.3\hamcrest-core-1.3.jar;C:\Users\Saurabh\.m2\repository\org\ini4j\ini4j\0.5.4\ini4j-0.5.4.jar;C:\Users\Saurabh\.m2\repository\log4j\log4j\1.2.17\log4j-1.2.17.jar;C:\Users\Saurabh\.m2\repository\org\apache\poi\poi\5.0.0\poi-5.0.0.jar;C:\Users\Saurabh\.m2\repository\org\slf4j\slf4j-api\1.7.30\slf4j-api-1.7.30.jar;C:\Users\Saurabh\.m2\repository\org\slf4j\jcl-over-slf4j\1.7.30\jcl-over-slf4j-1.7.30.jar;C:\Users\Saurabh\.m2\repository\commons-codec\commons-codec\1.15\commons-codec-1.15.jar;C:\Users\Saurabh\.m2\repository\org\apache\commons\commons-collections4\4.4\commons-collections4-4.4.jar;C:\Users\Saurabh\.m2\repository\org\apache\commons\commons-math3\3.6.1\commons-math3-3.6.1.jar;C:\Users\Saurabh\.m2\repository\com\zaxxer\SparseBitSet\1.2\SparseBitSet-1.2.jar;C:\Users\Saurabh\.m2\repository\org\apache\poi\poi-ooxml\5.0.0\poi-ooxml-5.0.0.jar;C:\Users\Saurabh\.m2\repository\org\apache\poi\poi-ooxml-lite\5.0.0\poi-ooxml-lite-5.0.0.jar;C:\Users\Saurabh\.m2\repository\org\apache\xmlbeans\xmlbeans\4.0.0\xmlbeans-4.0.0.jar;C:\Users\Saurabh\.m2\repository\xml-apis\xml-apis\1.4.01\xml-apis-1.4.01.jar;C:\Users\Saurabh\.m2\repository\org\apache\commons\commons-compress\1.20\commons-compress-1.20.jar;C:\Users\Saurabh\.m2\repository\com\github\virtuald\curvesapi\1.06\curvesapi-1.06.jar;C:\Users\Saurabh\.m2\repository\org\bouncycastle\bcpkix-jdk15on\1.68\bcpkix-jdk15on-1.68.jar;C:\Users\Saurabh\.m2\repository\org\bouncycastle\bcprov-jdk15on\1.68\bcprov-jdk15on-1.68.jar;C:\Users\Saurabh\.m2\repository\org\apache\santuario\xmlsec\2.2.1\xmlsec-2.2.1.jar;C:\Users\Saurabh\.m2\repository\com\fasterxml\woodstox\woodstox-core\5.2.1\woodstox-core-5.2.1.jar;C:\Users\Saurabh\.m2\repository\org\codehaus\woodstox\stax2-api\4.2\stax2-api-4.2.jar;C:\Users\Saurabh\.m2\repository\org\apache\xmlgraphics\batik-all\1.13\batik-all-1.13.jar;C:\Users\Saurabh\.m2\repository\org\apache\xmlgraphics\batik-anim\1.13\batik-anim-1.13.jar;C:\Users\Saurabh\.m2\repository\org\apache\xmlgraphics\batik-shared-resources\1.13\batik-shared-resources-1.13.jar;C:\Users\Saurabh\.m2\repository\xml-apis\xml-apis-ext\1.3.04\xml-apis-ext-1.3.04.jar;C:\Users\Saurabh\.m2\repository\org\apache\xmlgraphics\batik-awt-util\1.13\batik-awt-util-1.13.jar;C:\Users\Saurabh\.m2\repository\org\apache\xmlgraphics\xmlgraphics-commons\2.4\xmlgraphics-commons-2.4.jar;C:\Users\Saurabh\.m2\repository\commons-io\commons-io\1.3.1\commons-io-1.3.1.jar;C:\Users\Saurabh\.m2\repository\org\apache\xmlgraphics\batik-bridge\1.13\batik-bridge-1.13.jar;C:\Users\Saurabh\.m2\repository\org\apache\xmlgraphics\batik-codec\1.13\batik-codec-1.13.jar;C:\Users\Saurabh\.m2\repository\org\apache\xmlgraphics\batik-constants\1.13\batik-constants-1.13.jar;C:\Users\Saurabh\.m2\repository\org\apache\xmlgraphics\batik-css\1.13\batik-css-1.13.jar;C:\Users\Saurabh\.m2\repository\org\apache\xmlgraphics\batik-dom\1.13\batik-dom-1.13.jar;C:\Users\Saurabh\.m2\repository\xalan\xalan\2.7.2\xalan-2.7.2.jar;C:\Users\Saurabh\.m2\repository\xalan\serializer\2.7.2\serializer-2.7.2.jar;C:\Users\Saurabh\.m2\repository\org\apache\xmlgraphics\batik-ext\1.13\batik-ext-1.13.jar;C:\Users\Saurabh\.m2\repository\org\apache\xmlgraphics\batik-extension\1.13\batik-extension-1.13.jar;C:\Users\Saurabh\.m2\repository\org\apache\xmlgraphics\batik-gui-util\1.13\batik-gui-util-1.13.jar;C:\Users\Saurabh\.m2\repository\org\apache\xmlgraphics\batik-gvt\1.13\batik-gvt-1.13.jar;C:\Users\Saurabh\.m2\repository\org\apache\xmlgraphics\batik-i18n\1.13\batik-i18n-1.13.jar;C:\Users\Saurabh\.m2\repository\org\apache\xmlgraphics\batik-parser\1.13\batik-parser-1.13.jar;C:\Users\Saurabh\.m2\repository\org\apache\xmlgraphics\batik-rasterizer-ext\1.13\batik-rasterizer-ext-1.13.jar;C:\Users\Saurabh\.m2\repository\org\apache\xmlgraphics\batik-rasterizer\1.13\batik-rasterizer-1.13.jar;C:\Users\Saurabh\.m2\repository\org\apache\xmlgraphics\batik-script\1.13\batik-script-1.13.jar;C:\Users\Saurabh\.m2\repository\org\apache\xmlgraphics\batik-slideshow\1.13\batik-slideshow-1.13.jar;C:\Users\Saurabh\.m2\repository\org\apache\xmlgraphics\batik-squiggle-ext\1.13\batik-squiggle-ext-1.13.jar;C:\Users\Saurabh\.m2\repository\org\apache\xmlgraphics\batik-squiggle\1.13\batik-squiggle-1.13.jar;C:\Users\Saurabh\.m2\repository\org\apache\xmlgraphics\batik-svg-dom\1.13\batik-svg-dom-1.13.jar;C:\Users\Saurabh\.m2\repository\org\apache\xmlgraphics\batik-svgbrowser\1.13\batik-svgbrowser-1.13.jar;C:\Users\Saurabh\.m2\repository\org\apache\xmlgraphics\batik-svggen\1.13\batik-svggen-1.13.jar;C:\Users\Saurabh\.m2\repository\org\apache\xmlgraphics\batik-svgpp\1.13\batik-svgpp-1.13.jar;C:\Users\Saurabh\.m2\repository\org\apache\xmlgraphics\batik-svgrasterizer\1.13\batik-svgrasterizer-1.13.jar;C:\Users\Saurabh\.m2\repository\org\apache\xmlgraphics\batik-swing\1.13\batik-swing-1.13.jar;C:\Users\Saurabh\.m2\repository\org\apache\xmlgraphics\batik-transcoder\1.13\batik-transcoder-1.13.jar;C:\Users\Saurabh\.m2\repository\org\apache\xmlgraphics\batik-util\1.13\batik-util-1.13.jar;C:\Users\Saurabh\.m2\repository\org\apache\xmlgraphics\batik-ttf2svg\1.13\batik-ttf2svg-1.13.jar;C:\Users\Saurabh\.m2\repository\org\apache\xmlgraphics\batik-xml\1.13\batik-xml-1.13.jar;C:\Users\Saurabh\.m2\repository\de\rototor\pdfbox\graphics2d\0.30\graphics2d-0.30.jar;C:\Users\Saurabh\.m2\repository\org\apache\pdfbox\pdfbox\2.0.22\pdfbox-2.0.22.jar;C:\Users\Saurabh\.m2\repository\org\apache\pdfbox\fontbox\2.0.22\fontbox-2.0.22.jar;C:\Users\Saurabh\.m2\repository\com\relevantcodes\extentreports\2.41.2\extentreports-2.41.2.jar;C:\Users\Saurabh\.m2\repository\org\jsoup\jsoup\1.8.3\jsoup-1.8.3.jar;C:\Users\Saurabh\.m2\repository\org\xerial\sqlite-jdbc\3.8.11.1\sqlite-jdbc-3.8.11.1.jar;C:\Users\Saurabh\.m2\repository\org\freemarker\freemarker\2.3.23\freemarker-2.3.23.jar;C:\Users\Saurabh\.m2\repository\org\mongodb\mongodb-driver\3.0.4\mongodb-driver-3.0.4.jar;C:\Users\Saurabh\.m2\repository\org\mongodb\bson\3.0.4\bson-3.0.4.jar;C:\Users\Saurabh\.m2\repository\org\mongodb\mongodb-driver-core\3.0.4\mongodb-driver-core-3.0.4.jar;"/>
    <property name="sun.cpu.endian" value="little"/>
    <property name="user.home" value="C:\Users\Saurabh"/>
    <property name="user.language" value="en"/>
    <property name="java.specification.vendor" value="Oracle Corporation"/>
    <property name="java.home" value="C:\Program Files (x86)\Java\jdk1.8.0_301\jre"/>
    <property name="basedir" value="C:\Users\Saurabh\eclipse-workspace\FreeCRMTest"/>
    <property name="file.separator" value="\"/>
    <property name="line.separator" value="&#10;"/>
    <property name="java.vm.specification.vendor" value="Oracle Corporation"/>
    <property name="java.specification.name" value="Java Platform API Specification"/>
    <property name="java.awt.graphicsenv" value="sun.awt.Win32GraphicsEnvironment"/>
    <property name="maximiseBrowser" value="true"/>
    <property name="surefire.real.class.path" value="C:\Users\Saurabh\AppData\Local\Temp\surefire1748546531022137896\surefirebooter2349422442103145040.jar"/>
    <property name="sun.boot.class.path" value="C:\Program Files (x86)\Java\jdk1.8.0_301\jre\lib\resources.jar;C:\Program Files (x86)\Java\jdk1.8.0_301\jre\lib\rt.jar;C:\Program Files (x86)\Java\jdk1.8.0_301\jre\lib\sunrsasign.jar;C:\Program Files (x86)\Java\jdk1.8.0_301\jre\lib\jsse.jar;C:\Program Files (x86)\Java\jdk1.8.0_301\jre\lib\jce.jar;C:\Program Files (x86)\Java\jdk1.8.0_301\jre\lib\charsets.jar;C:\Program Files (x86)\Java\jdk1.8.0_301\jre\lib\jfr.jar;C:\Program Files (x86)\Java\jdk1.8.0_301\jre\classes"/>
    <property name="user.script" value=""/>
    <property name="sun.management.compiler" value="HotSpot Client Compiler"/>
    <property name="java.runtime.version" value="1.8.0_301-b09"/>
    <property name="user.name" value="Saurabh"/>
    <property name="path.separator" value=";"/>
    <property name="os.version" value="10.0"/>
    <property name="java.endorsed.dirs" value="C:\Program Files (x86)\Java\jdk1.8.0_301\jre\lib\endorsed"/>
    <property name="headlessBrowser" value="true"/>
    <property name="java.runtime.name" value="Java(TM) SE Runtime Environment"/>
    <property name="file.encoding" value="Cp1252"/>
    <property name="browser" value="chrome"/>
    <property name="java.vm.name" value="Java HotSpot(TM) Client VM"/>
    <property name="localRepository" value="C:\Users\Saurabh\.m2\repository"/>
    <property name="java.vendor.url.bug" value="http://bugreport.sun.com/bugreport/"/>
    <property name="java.io.tmpdir" value="C:\Users\Saurabh\AppData\Local\Temp\"/>
    <property name="pageLoadWait" value="60"/>
    <property name="java.version" value="1.8.0_301"/>
    <property name="user.dir" value="C:\Users\Saurabh\eclipse-workspace\FreeCRMTest"/>
    <property name="browserUrl" value="https://classic.freecrm.com/index.html"/>
    <property name="os.arch" value="x86"/>
    <property name="java.vm.specification.name" value="Java Virtual Machine Specification"/>
    <property name="java.awt.printerjob" value="sun.awt.windows.WPrinterJob"/>
    <property name="userName" value="groupautomation"/>
    <property name="sun.os.patch.level" value=""/>
    <property name="java.library.path" value="C:\Program Files (x86)\Java\jdk1.8.0_301\jre\bin;C:\WINDOWS\Sun\Java\bin;C:\WINDOWS\system32;C:\WINDOWS;C:/Program Files/Java/jre1.8.0_301/bin/server;C:/Program Files/Java/jre1.8.0_301/bin;C:/Program Files/Java/jre1.8.0_301/lib/amd64;C:\Program Files (x86)\Common Files\Oracle\Java\javapath;C:\Windows\system32;C:\Windows;C:\Windows\System32\Wbem;C:\Windows\System32\WindowsPowerShell\v1.0\;C:\Windows\System32\OpenSSH\;C:\Program Files (x86)\NVIDIA Corporation\PhysX\Common;C:\Program Files\Intel\WiFi\bin\;C:\Program Files\Common Files\Intel\WirelessCommon\;C:\Program Files\Git\cmd;C:\WINDOWS\system32;C:\WINDOWS;C:\WINDOWS\System32\Wbem;C:\WINDOWS\System32\WindowsPowerShell\v1.0\;C:\WINDOWS\System32\OpenSSH\;C:\Users\Saurabh\AppData\Local\Programs\Python\Python37\Scripts\;C:\Users\Saurabh\AppData\Local\Programs\Python\Python37\;C:\Users\Saurabh\AppData\Local\Microsoft\WindowsApps;C:\Users\Saurabh\miniconda3;;D:\eclipse;;."/>
    <property name="java.vm.info" value="mixed mode, sharing"/>
    <property name="java.vendor" value="Oracle Corporation"/>
    <property name="java.vm.version" value="25.301-b09"/>
    <property name="java.ext.dirs" value="C:\Program Files (x86)\Java\jdk1.8.0_301\jre\lib\ext;C:\WINDOWS\Sun\Java\lib\ext"/>
    <property name="sun.io.unicode.encoding" value="UnicodeLittle"/>
    <property name="java.class.version" value="52.0"/>
  </properties>
  <testcase name="verifyCreateContactTest[Mr., Samar, Sadabahar, Sharma, Microsoft](1)" classname="com.crm.qa.testcases.ContactsPageTests" time="3.575">
    <system-out><![CDATA[[TestNGContentHandler] [WARN] It is strongly recommended to add "<!DOCTYPE suite SYSTEM "http://testng.org/testng-1.0.dtd" >" at the top of your file, otherwise TestNG may fail or not work as expected.
08-24-2021 19:26:35 BrowserProperties.java INFO  [main] testproperties.BrowserProperties 38 - Reading Browser Properties.....
08-24-2021 19:26:35 WindowsActions.java INFO  [main] util.WindowsActions 21 - Properties File read successfully
08-24-2021 19:26:35 BrowserProperties.java INFO  [main] testproperties.BrowserProperties 53 - ***********************************************************************
08-24-2021 19:26:35 BrowserProperties.java INFO  [main] testproperties.BrowserProperties 54 - Broswer set as--->chrome
08-24-2021 19:26:35 BrowserProperties.java INFO  [main] testproperties.BrowserProperties 55 - Browser URL set as--->https://classic.freecrm.com/index.html
08-24-2021 19:26:35 BrowserProperties.java INFO  [main] testproperties.BrowserProperties 56 - Testing for Maximise Window Size--->true
08-24-2021 19:26:35 BrowserProperties.java INFO  [main] testproperties.BrowserProperties 57 - Testing for Headless Browser--->true
08-24-2021 19:26:35 BrowserProperties.java INFO  [main] testproperties.BrowserProperties 58 - User selected as--->groupautomation
08-24-2021 19:26:35 BrowserProperties.java INFO  [main] testproperties.BrowserProperties 59 - Password entered as--->Test@12345
08-24-2021 19:26:35 BrowserProperties.java INFO  [main] testproperties.BrowserProperties 60 - Browser Implicit Time selected as--->60
08-24-2021 19:26:35 BrowserProperties.java INFO  [main] testproperties.BrowserProperties 61 - Browser Page Load TIme selected as--->60
08-24-2021 19:26:35 BrowserProperties.java INFO  [main] testproperties.BrowserProperties 62 - ***********************************************************************
08-24-2021 19:26:35 TestEvidenceProperties.java INFO  [main] testproperties.TestEvidenceProperties 24 - Reading Test Evidence Properties.....
08-24-2021 19:26:35 WindowsActions.java INFO  [main] util.WindowsActions 21 - Properties File read successfully
08-24-2021 19:26:35 TestEvidenceProperties.java INFO  [main] testproperties.TestEvidenceProperties 33 - ***********************************************************************
08-24-2021 19:26:35 TestEvidenceProperties.java INFO  [main] testproperties.TestEvidenceProperties 34 - Test Evidence Folder Name set as--->Selenium_Evidence
08-24-2021 19:26:35 TestEvidenceProperties.java INFO  [main] testproperties.TestEvidenceProperties 35 - Test Evidence Folder Path set as--->C:\Users\Saurabh\OneDrive\Desktop
08-24-2021 19:26:35 TestEvidenceProperties.java INFO  [main] testproperties.TestEvidenceProperties 36 - ***********************************************************************
08-24-2021 19:26:35 WindowsActions.java INFO  [main] util.WindowsActions 30 - C:\Users\Saurabh\OneDrive\Desktop\Selenium_Evidence--->Folder already exists
08-24-2021 19:26:36 TestBase.java INFO  [main] base.TestBase 54 - Driver Initialised
08-24-2021 19:26:36 WebEventListener.java INFO  [main] listener.WebEventListener 23 - Before navigating to: 'https://classic.freecrm.com/index.html'
08-24-2021 19:26:41 WebEventListener.java INFO  [main] listener.WebEventListener 27 - Navigated to:'https://classic.freecrm.com/index.html'
08-24-2021 19:26:41 WebEventListener.java INFO  [main] listener.WebEventListener 76 - Trying to find Element By : By.name: username
08-24-2021 19:26:41 WebEventListener.java INFO  [main] listener.WebEventListener 80 - Found Element By : By.name: username
08-24-2021 19:26:41 WebEventListener.java INFO  [main] listener.WebEventListener 76 - Trying to find Element By : By.name: password
08-24-2021 19:26:41 WebEventListener.java INFO  [main] listener.WebEventListener 80 - Found Element By : By.name: password
08-24-2021 19:26:41 WebEventListener.java INFO  [main] listener.WebEventListener 76 - Trying to find Element By : By.xpath: //input[@type='submit']
08-24-2021 19:26:41 WebEventListener.java INFO  [main] listener.WebEventListener 80 - Found Element By : By.xpath: //input[@type='submit']
08-24-2021 19:26:41 WebEventListener.java INFO  [main] listener.WebEventListener 39 - Trying to click on: [[ChromeDriver: chrome on WINDOWS (76641d142dd734416ba980f649b2cf1f)] -> xpath: //input[@type='submit']]
08-24-2021 19:26:46 WebEventListener.java INFO  [main] listener.WebEventListener 43 - Clicked on: [[ChromeDriver: chrome on WINDOWS (76641d142dd734416ba980f649b2cf1f)] -> xpath: //input[@type='submit']]
08-24-2021 19:26:46 ContactsPageTests.java INFO  [main] testcases.ContactsPageTests 84 - Validating Creation of new contact
08-24-2021 19:26:46 WebEventListener.java INFO  [Forwarding actions on session 76641d142dd734416ba980f649b2cf1f to remote] listener.WebEventListener 76 - Trying to find Element By : By.xpath: //a[contains(text(),'Contacts')]
08-24-2021 19:26:46 WebEventListener.java INFO  [Forwarding actions on session 76641d142dd734416ba980f649b2cf1f to remote] listener.WebEventListener 80 - Found Element By : By.xpath: //a[contains(text(),'Contacts')]
08-24-2021 19:26:46 WebEventListener.java INFO  [main] listener.WebEventListener 76 - Trying to find Element By : By.all({By.xpath: //a[text()='Contacts']/parent::li//ul//a})
08-24-2021 19:26:46 WebEventListener.java INFO  [main] listener.WebEventListener 80 - Found Element By : By.all({By.xpath: //a[text()='Contacts']/parent::li//ul//a})
08-24-2021 19:26:46 WebEventListener.java INFO  [main] listener.WebEventListener 39 - Trying to click on: [[ChromeDriver: chrome on WINDOWS (76641d142dd734416ba980f649b2cf1f)] -> xpath: //a[text()='Contacts']/parent::li//ul//a]
08-24-2021 19:26:47 WebEventListener.java INFO  [main] listener.WebEventListener 43 - Clicked on: [[ChromeDriver: chrome on WINDOWS (76641d142dd734416ba980f649b2cf1f)] -> xpath: //a[text()='Contacts']/parent::li//ul//a]
08-24-2021 19:26:47 WebEventListener.java INFO  [main] listener.WebEventListener 76 - Trying to find Element By : By.xpath: //select[@class='select' and @name = 'title']
08-24-2021 19:26:47 WebEventListener.java INFO  [main] listener.WebEventListener 80 - Found Element By : By.xpath: //select[@class='select' and @name = 'title']
08-24-2021 19:26:47 WebEventListener.java INFO  [main] listener.WebEventListener 76 - Trying to find Element By : By.xpath: .//option[normalize-space(.) = "Mr."]
08-24-2021 19:26:47 WebEventListener.java INFO  [main] listener.WebEventListener 80 - Found Element By : By.xpath: .//option[normalize-space(.) = "Mr."]
08-24-2021 19:26:47 WebEventListener.java INFO  [main] listener.WebEventListener 39 - Trying to click on: [[[[ChromeDriver: chrome on WINDOWS (76641d142dd734416ba980f649b2cf1f)] -> xpath: //select[@class='select' and @name = 'title']]] -> xpath: .//option[normalize-space(.) = "Mr."]]
08-24-2021 19:26:47 WebEventListener.java INFO  [main] listener.WebEventListener 43 - Clicked on: [[[[ChromeDriver: chrome on WINDOWS (76641d142dd734416ba980f649b2cf1f)] -> xpath: //select[@class='select' and @name = 'title']]] -> xpath: .//option[normalize-space(.) = "Mr."]]
08-24-2021 19:26:47 WebEventListener.java INFO  [main] listener.WebEventListener 76 - Trying to find Element By : By.xpath: //input[@name='first_name']
08-24-2021 19:26:47 WebEventListener.java INFO  [main] listener.WebEventListener 80 - Found Element By : By.xpath: //input[@name='first_name']
08-24-2021 19:26:47 WebEventListener.java INFO  [main] listener.WebEventListener 76 - Trying to find Element By : By.xpath: //input[@name='middle_initial']
08-24-2021 19:26:47 WebEventListener.java INFO  [main] listener.WebEventListener 80 - Found Element By : By.xpath: //input[@name='middle_initial']
08-24-2021 19:26:48 WebEventListener.java INFO  [main] listener.WebEventListener 76 - Trying to find Element By : By.xpath: //input[@name='surname']
08-24-2021 19:26:48 WebEventListener.java INFO  [main] listener.WebEventListener 80 - Found Element By : By.xpath: //input[@name='surname']
08-24-2021 19:26:48 WebEventListener.java INFO  [main] listener.WebEventListener 76 - Trying to find Element By : By.xpath: //input[@name='client_lookup']
08-24-2021 19:26:48 WebEventListener.java INFO  [main] listener.WebEventListener 80 - Found Element By : By.xpath: //input[@name='client_lookup']
08-24-2021 19:26:48 WebEventListener.java INFO  [main] listener.WebEventListener 76 - Trying to find Element By : By.xpath: //input[@type='submit' and @value='Save']
08-24-2021 19:26:48 WebEventListener.java INFO  [main] listener.WebEventListener 80 - Found Element By : By.xpath: //input[@type='submit' and @value='Save']
08-24-2021 19:26:48 WebEventListener.java INFO  [main] listener.WebEventListener 39 - Trying to click on: [[ChromeDriver: chrome on WINDOWS (76641d142dd734416ba980f649b2cf1f)] -> xpath: //input[@type='submit' and @value='Save']]
08-24-2021 19:26:49 WebEventListener.java INFO  [main] listener.WebEventListener 43 - Clicked on: [[ChromeDriver: chrome on WINDOWS (76641d142dd734416ba980f649b2cf1f)] -> xpath: //input[@type='submit' and @value='Save']]
]]></system-out>
    <system-err><![CDATA[Starting ChromeDriver 91.0.4472.101 (af52a90bf87030dd1523486a1cd3ae25c5d76c9b-refs/branch-heads/4472@{#1462}) on port 18478
Only local connections are allowed.
Please see https://chromedriver.chromium.org/security-considerations for suggestions on keeping ChromeDriver safe.
ChromeDriver was started successfully.
[1629813396.529][WARNING]: This version of ChromeDriver has not been tested with Chrome version 92.
Aug 24, 2021 7:26:36 PM org.openqa.selenium.remote.ProtocolHandshake createSession
INFO: Detected dialect: W3C
]]></system-err>
  </testcase>
  <testcase name="verifyCreateContactTest[Mrs., Anupama, , Shah, DBS](2)" classname="com.crm.qa.testcases.ContactsPageTests" time="3.271">
    <system-out><![CDATA[08-24-2021 19:26:50 BrowserProperties.java INFO  [main] testproperties.BrowserProperties 38 - Reading Browser Properties.....
08-24-2021 19:26:50 WindowsActions.java INFO  [main] util.WindowsActions 21 - Properties File read successfully
08-24-2021 19:26:50 BrowserProperties.java INFO  [main] testproperties.BrowserProperties 53 - ***********************************************************************
08-24-2021 19:26:50 BrowserProperties.java INFO  [main] testproperties.BrowserProperties 54 - Broswer set as--->chrome
08-24-2021 19:26:50 BrowserProperties.java INFO  [main] testproperties.BrowserProperties 55 - Browser URL set as--->https://classic.freecrm.com/index.html
08-24-2021 19:26:50 BrowserProperties.java INFO  [main] testproperties.BrowserProperties 56 - Testing for Maximise Window Size--->true
08-24-2021 19:26:50 BrowserProperties.java INFO  [main] testproperties.BrowserProperties 57 - Testing for Headless Browser--->true
08-24-2021 19:26:50 BrowserProperties.java INFO  [main] testproperties.BrowserProperties 58 - User selected as--->groupautomation
08-24-2021 19:26:50 BrowserProperties.java INFO  [main] testproperties.BrowserProperties 59 - Password entered as--->Test@12345
08-24-2021 19:26:50 BrowserProperties.java INFO  [main] testproperties.BrowserProperties 60 - Browser Implicit Time selected as--->60
08-24-2021 19:26:50 BrowserProperties.java INFO  [main] testproperties.BrowserProperties 61 - Browser Page Load TIme selected as--->60
08-24-2021 19:26:50 BrowserProperties.java INFO  [main] testproperties.BrowserProperties 62 - ***********************************************************************
08-24-2021 19:26:50 TestEvidenceProperties.java INFO  [main] testproperties.TestEvidenceProperties 24 - Reading Test Evidence Properties.....
08-24-2021 19:26:50 WindowsActions.java INFO  [main] util.WindowsActions 21 - Properties File read successfully
08-24-2021 19:26:50 TestEvidenceProperties.java INFO  [main] testproperties.TestEvidenceProperties 33 - ***********************************************************************
08-24-2021 19:26:50 TestEvidenceProperties.java INFO  [main] testproperties.TestEvidenceProperties 34 - Test Evidence Folder Name set as--->Selenium_Evidence
08-24-2021 19:26:50 TestEvidenceProperties.java INFO  [main] testproperties.TestEvidenceProperties 35 - Test Evidence Folder Path set as--->C:\Users\Saurabh\OneDrive\Desktop
08-24-2021 19:26:50 TestEvidenceProperties.java INFO  [main] testproperties.TestEvidenceProperties 36 - ***********************************************************************
08-24-2021 19:26:50 WindowsActions.java INFO  [main] util.WindowsActions 30 - C:\Users\Saurabh\OneDrive\Desktop\Selenium_Evidence--->Folder already exists
08-24-2021 19:26:51 TestBase.java INFO  [main] base.TestBase 54 - Driver Initialised
08-24-2021 19:26:51 WebEventListener.java INFO  [main] listener.WebEventListener 23 - Before navigating to: 'https://classic.freecrm.com/index.html'
08-24-2021 19:26:56 WebEventListener.java INFO  [main] listener.WebEventListener 27 - Navigated to:'https://classic.freecrm.com/index.html'
08-24-2021 19:26:56 WebEventListener.java INFO  [main] listener.WebEventListener 76 - Trying to find Element By : By.name: username
08-24-2021 19:26:56 WebEventListener.java INFO  [main] listener.WebEventListener 80 - Found Element By : By.name: username
08-24-2021 19:26:56 WebEventListener.java INFO  [main] listener.WebEventListener 76 - Trying to find Element By : By.name: password
08-24-2021 19:26:56 WebEventListener.java INFO  [main] listener.WebEventListener 80 - Found Element By : By.name: password
08-24-2021 19:26:56 WebEventListener.java INFO  [main] listener.WebEventListener 76 - Trying to find Element By : By.xpath: //input[@type='submit']
08-24-2021 19:26:56 WebEventListener.java INFO  [main] listener.WebEventListener 80 - Found Element By : By.xpath: //input[@type='submit']
08-24-2021 19:26:56 WebEventListener.java INFO  [main] listener.WebEventListener 39 - Trying to click on: [[ChromeDriver: chrome on WINDOWS (a9a6dac50236c963cf43a749e5a077c3)] -> xpath: //input[@type='submit']]
08-24-2021 19:27:03 WebEventListener.java INFO  [main] listener.WebEventListener 43 - Clicked on: [[ChromeDriver: chrome on WINDOWS (a9a6dac50236c963cf43a749e5a077c3)] -> xpath: //input[@type='submit']]
08-24-2021 19:27:03 ContactsPageTests.java INFO  [main] testcases.ContactsPageTests 84 - Validating Creation of new contact
08-24-2021 19:27:03 WebEventListener.java INFO  [Forwarding actions on session a9a6dac50236c963cf43a749e5a077c3 to remote] listener.WebEventListener 76 - Trying to find Element By : By.xpath: //a[contains(text(),'Contacts')]
08-24-2021 19:27:03 WebEventListener.java INFO  [Forwarding actions on session a9a6dac50236c963cf43a749e5a077c3 to remote] listener.WebEventListener 80 - Found Element By : By.xpath: //a[contains(text(),'Contacts')]
08-24-2021 19:27:03 WebEventListener.java INFO  [main] listener.WebEventListener 76 - Trying to find Element By : By.all({By.xpath: //a[text()='Contacts']/parent::li//ul//a})
08-24-2021 19:27:03 WebEventListener.java INFO  [main] listener.WebEventListener 80 - Found Element By : By.all({By.xpath: //a[text()='Contacts']/parent::li//ul//a})
08-24-2021 19:27:03 WebEventListener.java INFO  [main] listener.WebEventListener 39 - Trying to click on: [[ChromeDriver: chrome on WINDOWS (a9a6dac50236c963cf43a749e5a077c3)] -> xpath: //a[text()='Contacts']/parent::li//ul//a]
08-24-2021 19:27:05 WebEventListener.java INFO  [main] listener.WebEventListener 43 - Clicked on: [[ChromeDriver: chrome on WINDOWS (a9a6dac50236c963cf43a749e5a077c3)] -> xpath: //a[text()='Contacts']/parent::li//ul//a]
08-24-2021 19:27:05 WebEventListener.java INFO  [main] listener.WebEventListener 76 - Trying to find Element By : By.xpath: //select[@class='select' and @name = 'title']
08-24-2021 19:27:05 WebEventListener.java INFO  [main] listener.WebEventListener 80 - Found Element By : By.xpath: //select[@class='select' and @name = 'title']
08-24-2021 19:27:05 WebEventListener.java INFO  [main] listener.WebEventListener 76 - Trying to find Element By : By.xpath: .//option[normalize-space(.) = "Mrs."]
08-24-2021 19:27:05 WebEventListener.java INFO  [main] listener.WebEventListener 80 - Found Element By : By.xpath: .//option[normalize-space(.) = "Mrs."]
08-24-2021 19:27:05 WebEventListener.java INFO  [main] listener.WebEventListener 39 - Trying to click on: [[[[ChromeDriver: chrome on WINDOWS (a9a6dac50236c963cf43a749e5a077c3)] -> xpath: //select[@class='select' and @name = 'title']]] -> xpath: .//option[normalize-space(.) = "Mrs."]]
08-24-2021 19:27:05 WebEventListener.java INFO  [main] listener.WebEventListener 43 - Clicked on: [[[[ChromeDriver: chrome on WINDOWS (a9a6dac50236c963cf43a749e5a077c3)] -> xpath: //select[@class='select' and @name = 'title']]] -> xpath: .//option[normalize-space(.) = "Mrs."]]
08-24-2021 19:27:05 WebEventListener.java INFO  [main] listener.WebEventListener 76 - Trying to find Element By : By.xpath: //input[@name='first_name']
08-24-2021 19:27:05 WebEventListener.java INFO  [main] listener.WebEventListener 80 - Found Element By : By.xpath: //input[@name='first_name']
08-24-2021 19:27:05 WebEventListener.java INFO  [main] listener.WebEventListener 76 - Trying to find Element By : By.xpath: //input[@name='surname']
08-24-2021 19:27:05 WebEventListener.java INFO  [main] listener.WebEventListener 80 - Found Element By : By.xpath: //input[@name='surname']
08-24-2021 19:27:05 WebEventListener.java INFO  [main] listener.WebEventListener 76 - Trying to find Element By : By.xpath: //input[@name='client_lookup']
08-24-2021 19:27:05 WebEventListener.java INFO  [main] listener.WebEventListener 80 - Found Element By : By.xpath: //input[@name='client_lookup']
08-24-2021 19:27:05 WebEventListener.java INFO  [main] listener.WebEventListener 76 - Trying to find Element By : By.xpath: //input[@type='submit' and @value='Save']
08-24-2021 19:27:05 WebEventListener.java INFO  [main] listener.WebEventListener 80 - Found Element By : By.xpath: //input[@type='submit' and @value='Save']
08-24-2021 19:27:05 WebEventListener.java INFO  [main] listener.WebEventListener 39 - Trying to click on: [[ChromeDriver: chrome on WINDOWS (a9a6dac50236c963cf43a749e5a077c3)] -> xpath: //input[@type='submit' and @value='Save']]
08-24-2021 19:27:06 WebEventListener.java INFO  [main] listener.WebEventListener 43 - Clicked on: [[ChromeDriver: chrome on WINDOWS (a9a6dac50236c963cf43a749e5a077c3)] -> xpath: //input[@type='submit' and @value='Save']]
]]></system-out>
    <system-err><![CDATA[Starting ChromeDriver 91.0.4472.101 (af52a90bf87030dd1523486a1cd3ae25c5d76c9b-refs/branch-heads/4472@{#1462}) on port 37561
Only local connections are allowed.
Please see https://chromedriver.chromium.org/security-considerations for suggestions on keeping ChromeDriver safe.
ChromeDriver was started successfully.
[1629813411.289][WARNING]: This version of ChromeDriver has not been tested with Chrome version 92.
Aug 24, 2021 7:26:51 PM org.openqa.selenium.remote.ProtocolHandshake createSession
INFO: Detected dialect: W3C
]]></system-err>
  </testcase>
  <testcase name="verifyCreateContactTest[Dr., Rajan, Prasad, , Apolo](3)" classname="com.crm.qa.testcases.ContactsPageTests" time="1.872">
    <system-out><![CDATA[08-24-2021 19:27:07 BrowserProperties.java INFO  [main] testproperties.BrowserProperties 38 - Reading Browser Properties.....
08-24-2021 19:27:07 WindowsActions.java INFO  [main] util.WindowsActions 21 - Properties File read successfully
08-24-2021 19:27:07 BrowserProperties.java INFO  [main] testproperties.BrowserProperties 53 - ***********************************************************************
08-24-2021 19:27:07 BrowserProperties.java INFO  [main] testproperties.BrowserProperties 54 - Broswer set as--->chrome
08-24-2021 19:27:07 BrowserProperties.java INFO  [main] testproperties.BrowserProperties 55 - Browser URL set as--->https://classic.freecrm.com/index.html
08-24-2021 19:27:07 BrowserProperties.java INFO  [main] testproperties.BrowserProperties 56 - Testing for Maximise Window Size--->true
08-24-2021 19:27:07 BrowserProperties.java INFO  [main] testproperties.BrowserProperties 57 - Testing for Headless Browser--->true
08-24-2021 19:27:07 BrowserProperties.java INFO  [main] testproperties.BrowserProperties 58 - User selected as--->groupautomation
08-24-2021 19:27:07 BrowserProperties.java INFO  [main] testproperties.BrowserProperties 59 - Password entered as--->Test@12345
08-24-2021 19:27:07 BrowserProperties.java INFO  [main] testproperties.BrowserProperties 60 - Browser Implicit Time selected as--->60
08-24-2021 19:27:07 BrowserProperties.java INFO  [main] testproperties.BrowserProperties 61 - Browser Page Load TIme selected as--->60
08-24-2021 19:27:07 BrowserProperties.java INFO  [main] testproperties.BrowserProperties 62 - ***********************************************************************
08-24-2021 19:27:07 TestEvidenceProperties.java INFO  [main] testproperties.TestEvidenceProperties 24 - Reading Test Evidence Properties.....
08-24-2021 19:27:07 WindowsActions.java INFO  [main] util.WindowsActions 21 - Properties File read successfully
08-24-2021 19:27:07 TestEvidenceProperties.java INFO  [main] testproperties.TestEvidenceProperties 33 - ***********************************************************************
08-24-2021 19:27:07 TestEvidenceProperties.java INFO  [main] testproperties.TestEvidenceProperties 34 - Test Evidence Folder Name set as--->Selenium_Evidence
08-24-2021 19:27:07 TestEvidenceProperties.java INFO  [main] testproperties.TestEvidenceProperties 35 - Test Evidence Folder Path set as--->C:\Users\Saurabh\OneDrive\Desktop
08-24-2021 19:27:07 TestEvidenceProperties.java INFO  [main] testproperties.TestEvidenceProperties 36 - ***********************************************************************
08-24-2021 19:27:07 WindowsActions.java INFO  [main] util.WindowsActions 30 - C:\Users\Saurabh\OneDrive\Desktop\Selenium_Evidence--->Folder already exists
08-24-2021 19:27:08 TestBase.java INFO  [main] base.TestBase 54 - Driver Initialised
08-24-2021 19:27:08 WebEventListener.java INFO  [main] listener.WebEventListener 23 - Before navigating to: 'https://classic.freecrm.com/index.html'
08-24-2021 19:27:12 WebEventListener.java INFO  [main] listener.WebEventListener 27 - Navigated to:'https://classic.freecrm.com/index.html'
08-24-2021 19:27:12 WebEventListener.java INFO  [main] listener.WebEventListener 76 - Trying to find Element By : By.name: username
08-24-2021 19:27:12 WebEventListener.java INFO  [main] listener.WebEventListener 80 - Found Element By : By.name: username
08-24-2021 19:27:12 WebEventListener.java INFO  [main] listener.WebEventListener 76 - Trying to find Element By : By.name: password
08-24-2021 19:27:12 WebEventListener.java INFO  [main] listener.WebEventListener 80 - Found Element By : By.name: password
08-24-2021 19:27:12 WebEventListener.java INFO  [main] listener.WebEventListener 76 - Trying to find Element By : By.xpath: //input[@type='submit']
08-24-2021 19:27:12 WebEventListener.java INFO  [main] listener.WebEventListener 80 - Found Element By : By.xpath: //input[@type='submit']
08-24-2021 19:27:12 WebEventListener.java INFO  [main] listener.WebEventListener 39 - Trying to click on: [[ChromeDriver: chrome on WINDOWS (3cad0731933f48e65bc641300e85f879)] -> xpath: //input[@type='submit']]
08-24-2021 19:27:17 WebEventListener.java INFO  [main] listener.WebEventListener 43 - Clicked on: [[ChromeDriver: chrome on WINDOWS (3cad0731933f48e65bc641300e85f879)] -> xpath: //input[@type='submit']]
08-24-2021 19:27:17 ContactsPageTests.java INFO  [main] testcases.ContactsPageTests 84 - Validating Creation of new contact
08-24-2021 19:27:17 WebEventListener.java INFO  [Forwarding actions on session 3cad0731933f48e65bc641300e85f879 to remote] listener.WebEventListener 76 - Trying to find Element By : By.xpath: //a[contains(text(),'Contacts')]
08-24-2021 19:27:17 WebEventListener.java INFO  [Forwarding actions on session 3cad0731933f48e65bc641300e85f879 to remote] listener.WebEventListener 80 - Found Element By : By.xpath: //a[contains(text(),'Contacts')]
08-24-2021 19:27:17 WebEventListener.java INFO  [main] listener.WebEventListener 76 - Trying to find Element By : By.all({By.xpath: //a[text()='Contacts']/parent::li//ul//a})
08-24-2021 19:27:17 WebEventListener.java INFO  [main] listener.WebEventListener 80 - Found Element By : By.all({By.xpath: //a[text()='Contacts']/parent::li//ul//a})
08-24-2021 19:27:17 WebEventListener.java INFO  [main] listener.WebEventListener 39 - Trying to click on: [[ChromeDriver: chrome on WINDOWS (3cad0731933f48e65bc641300e85f879)] -> xpath: //a[text()='Contacts']/parent::li//ul//a]
08-24-2021 19:27:19 WebEventListener.java INFO  [main] listener.WebEventListener 43 - Clicked on: [[ChromeDriver: chrome on WINDOWS (3cad0731933f48e65bc641300e85f879)] -> xpath: //a[text()='Contacts']/parent::li//ul//a]
08-24-2021 19:27:19 WebEventListener.java INFO  [main] listener.WebEventListener 76 - Trying to find Element By : By.xpath: //select[@class='select' and @name = 'title']
08-24-2021 19:27:19 WebEventListener.java INFO  [main] listener.WebEventListener 80 - Found Element By : By.xpath: //select[@class='select' and @name = 'title']
08-24-2021 19:27:19 WebEventListener.java INFO  [main] listener.WebEventListener 76 - Trying to find Element By : By.xpath: .//option[normalize-space(.) = "Dr."]
08-24-2021 19:27:19 WebEventListener.java INFO  [main] listener.WebEventListener 80 - Found Element By : By.xpath: .//option[normalize-space(.) = "Dr."]
08-24-2021 19:27:19 WebEventListener.java INFO  [main] listener.WebEventListener 39 - Trying to click on: [[[[ChromeDriver: chrome on WINDOWS (3cad0731933f48e65bc641300e85f879)] -> xpath: //select[@class='select' and @name = 'title']]] -> xpath: .//option[normalize-space(.) = "Dr."]]
08-24-2021 19:27:19 WebEventListener.java INFO  [main] listener.WebEventListener 43 - Clicked on: [[[[ChromeDriver: chrome on WINDOWS (3cad0731933f48e65bc641300e85f879)] -> xpath: //select[@class='select' and @name = 'title']]] -> xpath: .//option[normalize-space(.) = "Dr."]]
08-24-2021 19:27:19 WebEventListener.java INFO  [main] listener.WebEventListener 76 - Trying to find Element By : By.xpath: //input[@name='first_name']
08-24-2021 19:27:19 WebEventListener.java INFO  [main] listener.WebEventListener 80 - Found Element By : By.xpath: //input[@name='first_name']
08-24-2021 19:27:19 WebEventListener.java INFO  [main] listener.WebEventListener 76 - Trying to find Element By : By.xpath: //input[@name='middle_initial']
08-24-2021 19:27:19 WebEventListener.java INFO  [main] listener.WebEventListener 80 - Found Element By : By.xpath: //input[@name='middle_initial']
08-24-2021 19:27:19 WebEventListener.java INFO  [main] listener.WebEventListener 76 - Trying to find Element By : By.xpath: //input[@name='client_lookup']
08-24-2021 19:27:19 WebEventListener.java INFO  [main] listener.WebEventListener 80 - Found Element By : By.xpath: //input[@name='client_lookup']
08-24-2021 19:27:19 WebEventListener.java INFO  [main] listener.WebEventListener 76 - Trying to find Element By : By.xpath: //input[@type='submit' and @value='Save']
08-24-2021 19:27:19 WebEventListener.java INFO  [main] listener.WebEventListener 80 - Found Element By : By.xpath: //input[@type='submit' and @value='Save']
08-24-2021 19:27:19 WebEventListener.java INFO  [main] listener.WebEventListener 39 - Trying to click on: [[ChromeDriver: chrome on WINDOWS (3cad0731933f48e65bc641300e85f879)] -> xpath: //input[@type='submit' and @value='Save']]
08-24-2021 19:27:19 WebEventListener.java INFO  [main] listener.WebEventListener 43 - Clicked on: [[ChromeDriver: chrome on WINDOWS (3cad0731933f48e65bc641300e85f879)] -> xpath: //input[@type='submit' and @value='Save']]
]]></system-out>
    <system-err><![CDATA[Starting ChromeDriver 91.0.4472.101 (af52a90bf87030dd1523486a1cd3ae25c5d76c9b-refs/branch-heads/4472@{#1462}) on port 32156
Only local connections are allowed.
Please see https://chromedriver.chromium.org/security-considerations for suggestions on keeping ChromeDriver safe.
ChromeDriver was started successfully.
[1629813428.512][WARNING]: This version of ChromeDriver has not been tested with Chrome version 92.
Aug 24, 2021 7:27:08 PM org.openqa.selenium.remote.ProtocolHandshake createSession
INFO: Detected dialect: W3C
]]></system-err>
  </testcase>
</testsuite>