<?xml version="1.0" encoding="UTF-8"?>
<!-- Generated by org.testng.reporters.JUnitReportReporter -->
<testsuite skipped="0" hostname="LAPTOP-C44P0VHU" name="com.crm.qa.testcases.LoginPageTests" tests="3" failures="0" timestamp="27 Aug 2021 11:51:29 GMT" time="25.921" errors="0">
  <testcase name="verifyloginPageTitleTest" time="6.559" classname="com.crm.qa.testcases.LoginPageTests"/>
  <testcase name="verifycrmLogoImageTest" time="7.514" classname="com.crm.qa.testcases.LoginPageTests"/>
  <testcase name="verifyloginTest" time="11.848" classname="com.crm.qa.testcases.LoginPageTests"/>
</testsuite> <!-- com.crm.qa.testcases.LoginPageTests -->
