<?xml version="1.0" encoding="UTF-8"?>
<!-- Generated by org.testng.reporters.JUnitReportReporter -->
<testsuite skipped="0" hostname="LAPTOP-C44P0VHU" name="com.crm.qa.testcases.LoginPageTests" tests="3" failures="0" timestamp="23 Aug 2021 08:46:13 GMT" time="29.837" errors="0">
  <testcase name="verifyloginPageTitleTest" time="7.028" classname="com.crm.qa.testcases.LoginPageTests"/>
  <testcase name="verifycrmLogoImageTest" time="7.602" classname="com.crm.qa.testcases.LoginPageTests"/>
  <testcase name="verifyloginTest" time="15.207" classname="com.crm.qa.testcases.LoginPageTests"/>
</testsuite> <!-- com.crm.qa.testcases.LoginPageTests -->
