<?xml version="1.0" encoding="UTF-8"?>
<!-- Generated by org.testng.reporters.JUnitReportReporter -->
<testsuite skipped="2" hostname="LAPTOP-C44P0VHU" name="com.crm.qa.testcases.ContactsPageTests" tests="4" failures="0" timestamp="26 Aug 2021 12:59:08 GMT" time="26.161" errors="0">
  <testcase name="verifyContactsPageTitleTest" time="13.497" classname="com.crm.qa.testcases.ContactsPageTests"/>
  <testcase name="verifyContactsPageLabelTest" time="12.664" classname="com.crm.qa.testcases.ContactsPageTests"/>
  <testcase name="verifyCreateContactTest" classname="com.crm.qa.testcases.ContactsPageTests">
    <skipped/>
  </testcase> <!-- verifyCreateContactTest -->
  <testcase name="verifyContactsTest" classname="com.crm.qa.testcases.ContactsPageTests">
    <skipped/>
  </testcase> <!-- verifyContactsTest -->
</testsuite> <!-- com.crm.qa.testcases.ContactsPageTests -->
