<?xml version="1.0" encoding="UTF-8"?>
<!-- Generated by org.testng.reporters.JUnitReportReporter -->
<testsuite skipped="0" hostname="LAPTOP-C44P0VHU" name="com.crm.qa.testcases.HomePageTests" tests="4" failures="0" timestamp="23 Aug 2021 08:46:13 GMT" time="53.788" errors="0">
  <testcase name="verifyHomePageTitleTest" time="12.290" classname="com.crm.qa.testcases.HomePageTests"/>
  <testcase name="verifyHomePageUserNameLabelTest" time="11.996" classname="com.crm.qa.testcases.HomePageTests"/>
  <testcase name="verifyContactsLinkTest" time="15.577" classname="com.crm.qa.testcases.HomePageTests"/>
  <testcase name="verifyContactsLinkHover" time="13.925" classname="com.crm.qa.testcases.HomePageTests"/>
</testsuite> <!-- com.crm.qa.testcases.HomePageTests -->
