<?xml version="1.0" encoding="UTF-8"?>
<!-- Generated by org.testng.reporters.JUnitReportReporter -->
<testsuite skipped="0" hostname="LAPTOP-C44P0VHU" name="com.crm.qa.testdata.ContactsPageTest" tests="3" failures="0" timestamp="18 Aug 2021 14:44:06 GMT" time="49.766" errors="0">
  <testcase name="verifyContactsPageTitleTest" time="19.506" classname="com.crm.qa.testdata.ContactsPageTest"/>
  <testcase name="verifyContactsPageLabelTest" time="15.479" classname="com.crm.qa.testdata.ContactsPageTest"/>
  <testcase name="verifyContactsTest" time="14.781" classname="com.crm.qa.testdata.ContactsPageTest"/>
</testsuite> <!-- com.crm.qa.testdata.ContactsPageTest -->
