<?xml version="1.0" encoding="UTF-8"?>
<!-- Generated by org.testng.reporters.JUnitReportReporter -->
<testsuite skipped="0" hostname="LAPTOP-C44P0VHU" name="com.crm.qa.testdata.LoginPageTests" tests="3" failures="0" timestamp="18 Aug 2021 08:12:13 GMT" time="34.603" errors="0">
  <testcase name="loginPageTitleTest" time="7.153" classname="com.crm.qa.testdata.LoginPageTests"/>
  <testcase name="crmLogoImageTest" time="7.676" classname="com.crm.qa.testdata.LoginPageTests"/>
  <testcase name="loginTest" time="19.774" classname="com.crm.qa.testdata.LoginPageTests"/>
</testsuite> <!-- com.crm.qa.testdata.LoginPageTests -->
