<?xml version="1.0" encoding="UTF-8"?>
<!-- Generated by org.testng.reporters.JUnitReportReporter -->
<testsuite skipped="2" hostname="LAPTOP-C44P0VHU" name="com.crm.qa.testcases.HomePageTests" tests="4" failures="0" timestamp="27 Aug 2021 11:51:29 GMT" time="25.644" errors="0">
  <testcase name="verifyHomePageTitleTest" time="12.211" classname="com.crm.qa.testcases.HomePageTests"/>
  <testcase name="verifyHomePageUserNameLabelTest" time="13.433" classname="com.crm.qa.testcases.HomePageTests"/>
  <testcase name="verifyContactsLinkHover" classname="com.crm.qa.testcases.HomePageTests">
    <skipped/>
  </testcase> <!-- verifyContactsLinkHover -->
  <testcase name="verifyContactsLinkTest" classname="com.crm.qa.testcases.HomePageTests">
    <skipped/>
  </testcase> <!-- verifyContactsLinkTest -->
</testsuite> <!-- com.crm.qa.testcases.HomePageTests -->
