<?xml version="1.0" encoding="UTF-8"?>
<!-- Generated by org.testng.reporters.JUnitReportReporter -->
<testsuite skipped="0" hostname="LAPTOP-C44P0VHU" name="com.crm.qa.testcases.LoginPageTests" tests="3" failures="0" timestamp="26 Aug 2021 12:59:08 GMT" time="22.853" errors="0">
  <testcase name="verifyloginPageTitleTest" time="6.081" classname="com.crm.qa.testcases.LoginPageTests"/>
  <testcase name="verifycrmLogoImageTest" time="5.985" classname="com.crm.qa.testcases.LoginPageTests"/>
  <testcase name="verifyloginTest" time="10.787" classname="com.crm.qa.testcases.LoginPageTests"/>
</testsuite> <!-- com.crm.qa.testcases.LoginPageTests -->
