<?xml version="1.0" encoding="UTF-8"?>
<!-- Generated by org.testng.reporters.JUnitReportReporter -->
<testsuite skipped="0" hostname="LAPTOP-C44P0VHU" name="com.crm.qa.testcases.ContactsPageTests" tests="6" failures="0" timestamp="23 Aug 2021 08:46:13 GMT" time="107.051" errors="0">
  <testcase name="verifyContactsPageTitleTest" time="20.293" classname="com.crm.qa.testcases.ContactsPageTests"/>
  <testcase name="verifyContactsPageLabelTest" time="15.194" classname="com.crm.qa.testcases.ContactsPageTests"/>
  <testcase name="verifyContactsTest" time="16.004" classname="com.crm.qa.testcases.ContactsPageTests"/>
  <testcase name="verifyCreateContactTest" time="20.781" classname="com.crm.qa.testcases.ContactsPageTests"/>
  <testcase name="verifyCreateContactTest" time="17.298" classname="com.crm.qa.testcases.ContactsPageTests"/>
  <testcase name="verifyCreateContactTest" time="17.481" classname="com.crm.qa.testcases.ContactsPageTests"/>
</testsuite> <!-- com.crm.qa.testcases.ContactsPageTests -->
