<?xml version="1.0" encoding="UTF-8"?>
<!-- Generated by org.testng.reporters.JUnitReportReporter -->
<testsuite skipped="2" hostname="LAPTOP-C44P0VHU" name="com.crm.qa.testcases.HomePageTests" tests="4" failures="0" timestamp="26 Aug 2021 12:59:08 GMT" time="22.405" errors="0">
  <testcase name="verifyHomePageTitleTest" time="10.452" classname="com.crm.qa.testcases.HomePageTests"/>
  <testcase name="verifyHomePageUserNameLabelTest" time="11.953" classname="com.crm.qa.testcases.HomePageTests"/>
  <testcase name="verifyContactsLinkHover" classname="com.crm.qa.testcases.HomePageTests">
    <skipped/>
  </testcase> <!-- verifyContactsLinkHover -->
  <testcase name="verifyContactsLinkTest" classname="com.crm.qa.testcases.HomePageTests">
    <skipped/>
  </testcase> <!-- verifyContactsLinkTest -->
</testsuite> <!-- com.crm.qa.testcases.HomePageTests -->
