<?xml version="1.0" encoding="UTF-8"?>
<!-- Generated by org.testng.reporters.JUnitReportReporter -->
<testsuite skipped="2" hostname="LAPTOP-C44P0VHU" name="com.crm.qa.testcases.ContactsPageTests" tests="4" failures="0" timestamp="27 Aug 2021 11:51:29 GMT" time="27.380" errors="0">
  <testcase name="verifyContactsPageTitleTest" time="12.872" classname="com.crm.qa.testcases.ContactsPageTests"/>
  <testcase name="verifyContactsPageLabelTest" time="14.508" classname="com.crm.qa.testcases.ContactsPageTests"/>
  <testcase name="verifyCreateContactTest" classname="com.crm.qa.testcases.ContactsPageTests">
    <skipped/>
  </testcase> <!-- verifyCreateContactTest -->
  <testcase name="verifyContactsTest" classname="com.crm.qa.testcases.ContactsPageTests">
    <skipped/>
  </testcase> <!-- verifyContactsTest -->
</testsuite> <!-- com.crm.qa.testcases.ContactsPageTests -->
