<?xml version="1.0" encoding="UTF-8"?>
<!-- Generated by org.testng.reporters.JUnitReportReporter -->
<testsuite skipped="3" hostname="LAPTOP-C44P0VHU" name="com.crm.qa.testcases.ContactsPageTests" tests="4" failures="0" timestamp="24 Aug 2021 14:24:55 GMT" time="12.702" errors="0">
  <testcase name="verifyContactsPageTitleTest" time="12.702" classname="com.crm.qa.testcases.ContactsPageTests"/>
  <testcase name="verifyCreateContactTest" classname="com.crm.qa.testcases.ContactsPageTests">
    <skipped/>
  </testcase> <!-- verifyCreateContactTest -->
  <testcase name="verifyContactsPageLabelTest" classname="com.crm.qa.testcases.ContactsPageTests">
    <skipped/>
  </testcase> <!-- verifyContactsPageLabelTest -->
  <testcase name="verifyContactsTest" classname="com.crm.qa.testcases.ContactsPageTests">
    <skipped/>
  </testcase> <!-- verifyContactsTest -->
</testsuite> <!-- com.crm.qa.testcases.ContactsPageTests -->
