<?xml version="1.0" encoding="UTF-8"?>
<!-- Generated by org.testng.reporters.JUnitReportReporter -->
<testsuite skipped="0" hostname="LAPTOP-C44P0VHU" name="com.crm.qa.testdata.HomePageTests" tests="7" failures="0" timestamp="18 Aug 2021 13:18:04 GMT" time="84.961" errors="0">
  <testcase name="verifyHomePageTitleTest" time="13.301" classname="com.crm.qa.testdata.HomePageTests"/>
  <testcase name="verifyHomePageUserNameLabelTest" time="10.956" classname="com.crm.qa.testdata.HomePageTests"/>
  <testcase name="verifyContactsLinkTest" time="12.591" classname="com.crm.qa.testdata.HomePageTests"/>
  <testcase name="verifyDealsLinkTest" time="12.004" classname="com.crm.qa.testdata.HomePageTests"/>
  <testcase name="verifyTasksLinkTest" time="13.083" classname="com.crm.qa.testdata.HomePageTests"/>
  <testcase name="verifyDealsLinkHover" time="10.820" classname="com.crm.qa.testdata.HomePageTests"/>
  <testcase name="verifyContactsLinkHover" time="12.206" classname="com.crm.qa.testdata.HomePageTests"/>
</testsuite> <!-- com.crm.qa.testdata.HomePageTests -->
