<?xml version="1.0" encoding="UTF-8"?>
<!-- Generated by org.testng.reporters.JUnitReportReporter -->
<testsuite skipped="3" hostname="LAPTOP-C44P0VHU" name="com.crm.qa.testcases.ContactsPageTests" tests="6" failures="0" timestamp="24 Aug 2021 13:57:20 GMT" time="44.986" errors="0">
  <testcase name="verifyCreateContactTest" time="15.069" classname="com.crm.qa.testcases.ContactsPageTests"/>
  <testcase name="verifyCreateContactTest" time="12.701" classname="com.crm.qa.testcases.ContactsPageTests"/>
  <testcase name="verifyCreateContactTest" time="17.216" classname="com.crm.qa.testcases.ContactsPageTests"/>
  <testcase name="verifyContactsPageTitleTest" classname="com.crm.qa.testcases.ContactsPageTests">
    <skipped/>
  </testcase> <!-- verifyContactsPageTitleTest -->
  <testcase name="verifyContactsPageLabelTest" classname="com.crm.qa.testcases.ContactsPageTests">
    <skipped/>
  </testcase> <!-- verifyContactsPageLabelTest -->
  <testcase name="verifyContactsTest" classname="com.crm.qa.testcases.ContactsPageTests">
    <skipped/>
  </testcase> <!-- verifyContactsTest -->
</testsuite> <!-- com.crm.qa.testcases.ContactsPageTests -->
