<?xml version="1.0" encoding="UTF-8"?>
<!-- Generated by org.testng.reporters.JUnitReportReporter -->
<testsuite skipped="0" hostname="LAPTOP-C44P0VHU" name="com.crm.qa.testcases.LoginPageTests" tests="3" failures="0" timestamp="23 Aug 2021 12:15:25 GMT" time="55.506" errors="0">
  <testcase name="verifyloginPageTitleTest" time="7.108" classname="com.crm.qa.testcases.LoginPageTests"/>
  <testcase name="verifycrmLogoImageTest" time="6.952" classname="com.crm.qa.testcases.LoginPageTests"/>
  <testcase name="verifyloginTest" time="41.446" classname="com.crm.qa.testcases.LoginPageTests"/>
</testsuite> <!-- com.crm.qa.testcases.LoginPageTests -->
