<?xml version="1.0" encoding="UTF-8"?>
<!-- Generated by org.testng.reporters.JUnitReportReporter -->
<testsuite skipped="0" hostname="LAPTOP-C44P0VHU" name="com.crm.qa.testcases.HomePageTests" tests="4" failures="0" timestamp="23 Aug 2021 12:15:25 GMT" time="82.518" errors="0">
  <testcase name="verifyHomePageTitleTest" time="12.761" classname="com.crm.qa.testcases.HomePageTests"/>
  <testcase name="verifyHomePageUserNameLabelTest" time="11.663" classname="com.crm.qa.testcases.HomePageTests"/>
  <testcase name="verifyContactsLinkTest" time="15.860" classname="com.crm.qa.testcases.HomePageTests"/>
  <testcase name="verifyContactsLinkHover" time="42.234" classname="com.crm.qa.testcases.HomePageTests"/>
</testsuite> <!-- com.crm.qa.testcases.HomePageTests -->
