<?xml version="1.0" encoding="UTF-8"?>
<!-- Generated by org.testng.reporters.JUnitReportReporter -->
<testsuite skipped="0" hostname="LAPTOP-C44P0VHU" name="com.crm.qa.testcases.ContactsPageTests" tests="6" failures="0" timestamp="23 Aug 2021 12:15:25 GMT" time="148.169" errors="0">
  <testcase name="verifyContactsPageTitleTest" time="14.488" classname="com.crm.qa.testcases.ContactsPageTests"/>
  <testcase name="verifyContactsPageLabelTest" time="67.955" classname="com.crm.qa.testcases.ContactsPageTests"/>
  <testcase name="verifyContactsTest" time="14.605" classname="com.crm.qa.testcases.ContactsPageTests"/>
  <testcase name="verifyCreateContactTest" time="17.566" classname="com.crm.qa.testcases.ContactsPageTests"/>
  <testcase name="verifyCreateContactTest" time="15.619" classname="com.crm.qa.testcases.ContactsPageTests"/>
  <testcase name="verifyCreateContactTest" time="17.936" classname="com.crm.qa.testcases.ContactsPageTests"/>
</testsuite> <!-- com.crm.qa.testcases.ContactsPageTests -->
